<?xml version="1.0" encoding="UTF-8"?>
<!-- Generated by org.testng.reporters.JUnitReportReporter -->
<testsuite hostname="DESKTOP-KJ8M6F8" failures="0" tests="2" name="org.project.E2ETest" time="25.541" errors="0" timestamp="2024-10-24T17:05:15 IST" skipped="0">
  <testcase classname="org.project.E2ETest" name="addAddress" time="9.428"/>
  <system-out/>
  <testcase classname="org.project.E2ETest" name="login" time="16.113"/>
  <system-out/>
</testsuite> <!-- org.project.E2ETest -->
