<?xml version="1.0" encoding="UTF-8"?>
<!-- Generated by org.testng.reporters.JUnitReportReporter -->
<testsuite hostname="DESKTOP-KJ8M6F8" failures="0" tests="6" name="org.project.E2ETest" time="13.522" errors="0" timestamp="2024-10-25T11:39:38 IST" skipped="0">
  <testcase classname="org.project.E2ETest" name="updateaddress" time="1.544"/>
  <system-out/>
  <testcase classname="org.project.E2ETest" name="login" time="4.390"/>
  <system-out/>
  <testcase classname="org.project.E2ETest" name="addAddress" time="1.355"/>
  <system-out/>
  <testcase classname="org.project.E2ETest" name="getalladdresses" time="1.332"/>
  <system-out/>
  <testcase classname="org.project.E2ETest" name="getspecificaddress" time="1.474"/>
  <system-out/>
  <testcase classname="org.project.E2ETest" name="getproducts" time="3.427"/>
  <system-out/>
</testsuite> <!-- org.project.E2ETest -->
